Starting a Gradle Daemon, 2 stopped Daemons could not be reused, use --status for details

> Configure project :
Build was configured to prefer settings repositories over project repositories but repository 'Google' was added by build file 'build.gradle.kts'
Build was configured to prefer settings repositories over project repositories but repository 'MavenRepo' was added by build file 'build.gradle.kts'
Build was configured to prefer settings repositories over project repositories but repository 'Google' was added by build file 'build.gradle.kts'
Build was configured to prefer settings repositories over project repositories but repository 'MavenRepo' was added by build file 'build.gradle.kts'

> Task :app:preBuild UP-TO-DATE
> Task :app:preDebugBuild UP-TO-DATE
> Task :app:mergeDebugNativeDebugMetadata NO-SOURCE
> Task :app:checkKotlinGradlePluginConfigurationErrors
> Task :app:checkDebugAarMetadata UP-TO-DATE
> Task :app:generateDebugResValues UP-TO-DATE
> Task :app:mapDebugSourceSetPaths UP-TO-DATE
> Task :app:generateDebugResources UP-TO-DATE
> Task :app:mergeDebugResources UP-TO-DATE
> Task :app:packageDebugResources UP-TO-DATE
> Task :app:parseDebugLocalResources UP-TO-DATE
> Task :app:createDebugCompatibleScreenManifests UP-TO-DATE
> Task :app:extractDeepLinksDebug UP-TO-DATE
> Task :app:processDebugMainManifest UP-TO-DATE
> Task :app:processDebugManifest UP-TO-DATE
> Task :app:processDebugManifestForPackage UP-TO-DATE
> Task :app:processDebugResources UP-TO-DATE
> Task :app:javaPreCompileDebug UP-TO-DATE
> Task :app:mergeDebugShaders UP-TO-DATE
> Task :app:compileDebugShaders NO-SOURCE
> Task :app:generateDebugAssets UP-TO-DATE
> Task :app:mergeDebugAssets UP-TO-DATE
> Task :app:compressDebugAssets UP-TO-DATE
> Task :app:desugarDebugFileDependencies UP-TO-DATE
> Task :app:checkDebugDuplicateClasses UP-TO-DATE
> Task :app:mergeExtDexDebug UP-TO-DATE
> Task :app:mergeLibDexDebug UP-TO-DATE
> Task :app:mergeDebugJniLibFolders UP-TO-DATE
> Task :app:mergeDebugNativeLibs UP-TO-DATE
> Task :app:stripDebugDebugSymbols UP-TO-DATE
> Task :app:validateSigningDebug UP-TO-DATE
> Task :app:writeDebugAppMetadata UP-TO-DATE
> Task :app:writeDebugSigningConfigVersions UP-TO-DATE
> Task :app:kspDebugKotlin

> Task :app:compileDebugKotlin
e: file:///C:/dev/genpwd-pro/android/app/src/main/java/com/julien/genpwdpro/autofill/AutofillRepository.kt:31:34 Unresolved reference: settings
e: file:///C:/dev/genpwd-pro/android/app/src/main/java/com/julien/genpwdpro/autofill/AutofillRepository.kt:55:49 Unresolved reference: settings
e: file:///C:/dev/genpwd-pro/android/app/src/main/java/com/julien/genpwdpro/autofill/GenPwdAutofillService.kt:73:36 Unresolved reference. None of the following candidates is applicable because of receiver type mismatch: 
public inline fun <T> Array<out TypeVariable(T)>.isEmpty(): Boolean defined in kotlin.collections
public inline fun BooleanArray.isEmpty(): Boolean defined in kotlin.collections
public inline fun ByteArray.isEmpty(): Boolean defined in kotlin.collections
public inline fun CharArray.isEmpty(): Boolean defined in kotlin.collections
public inline fun CharSequence.isEmpty(): Boolean defined in kotlin.text
public inline fun DoubleArray.isEmpty(): Boolean defined in kotlin.collections
public inline fun FloatArray.isEmpty(): Boolean defined in kotlin.collections
public inline fun IntArray.isEmpty(): Boolean defined in kotlin.collections
public inline fun LongArray.isEmpty(): Boolean defined in kotlin.collections
public inline fun ShortArray.isEmpty(): Boolean defined in kotlin.collections
e: file:///C:/dev/genpwd-pro/android/app/src/main/java/com/julien/genpwdpro/data/crypto/VaultCryptoManager.kt:101:27 Unresolved reference: rawHash
e: file:///C:/dev/genpwd-pro/android/app/src/main/java/com/julien/genpwdpro/data/crypto/VaultCryptoManager.kt:122:23 None of the following functions can be called with the arguments supplied: 
public abstract fun hash(p0: Int, p1: Int, p2: Int, p3: CharArray!, p4: Charset!): String! defined in de.mkammerer.argon2.Argon2
public abstract fun hash(p0: Int, p1: Int, p2: Int, p3: String!, p4: Charset!): String! defined in de.mkammerer.argon2.Argon2
e: file:///C:/dev/genpwd-pro/android/app/src/main/java/com/julien/genpwdpro/domain/analyzer/PasswordAnalyzer.kt:59:41 Unresolved reference: calculate
e: file:///C:/dev/genpwd-pro/android/app/src/main/java/com/julien/genpwdpro/presentation/onboarding/OnboardingScreen.kt:60:96 Unresolved reference: launch
e: file:///C:/dev/genpwd-pro/android/app/src/main/java/com/julien/genpwdpro/presentation/onboarding/OnboardingScreen.kt:61:40 Suspend function 'animateScrollToPage' should be called only from a coroutine or another suspend function
e: file:///C:/dev/genpwd-pro/android/app/src/main/java/com/julien/genpwdpro/presentation/screens/security/SecuritySettingsScreen.kt:512:45 Unresolved reference: Context
e: file:///C:/dev/genpwd-pro/android/app/src/main/java/com/julien/genpwdpro/presentation/screens/security/SecuritySettingsScreen.kt:522:32 Unresolved reference: Context
e: file:///C:/dev/genpwd-pro/android/app/src/main/java/com/julien/genpwdpro/presentation/screens/sync/SyncSettingsScreen.kt:694:40 Unresolved reference: getMetadata
e: file:///C:/dev/genpwd-pro/android/app/src/main/java/com/julien/genpwdpro/presentation/screens/sync/SyncSettingsScreen.kt:751:28 Unresolved reference: getMetadata
e: file:///C:/dev/genpwd-pro/android/app/src/main/java/com/julien/genpwdpro/presentation/vault/EntryEditScreen.kt:426:57 Unresolved reference: CaseMode
e: file:///C:/dev/genpwd-pro/android/app/src/main/java/com/julien/genpwdpro/presentation/vault/EntryEditScreen.kt:427:37 Unresolved reference: CaseMode
e: file:///C:/dev/genpwd-pro/android/app/src/main/java/com/julien/genpwdpro/presentation/vault/EntryEditScreen.kt:428:37 Unresolved reference: CaseMode
e: file:///C:/dev/genpwd-pro/android/app/src/main/java/com/julien/genpwdpro/presentation/vault/EntryEditScreen.kt:429:25 Unresolved reference: CaseMode
e: file:///C:/dev/genpwd-pro/android/app/src/main/java/com/julien/genpwdpro/presentation/vault/EntryEditScreen.kt:491:73 Unresolved reference: CaseMode
e: file:///C:/dev/genpwd-pro/android/app/src/main/java/com/julien/genpwdpro/presentation/vault/EntryEditScreen.kt:492:53 Unresolved reference: CaseMode
e: file:///C:/dev/genpwd-pro/android/app/src/main/java/com/julien/genpwdpro/presentation/vault/EntryEditScreen.kt:493:53 Unresolved reference: CaseMode
e: file:///C:/dev/genpwd-pro/android/app/src/main/java/com/julien/genpwdpro/presentation/vault/EntryEditScreen.kt:494:41 Unresolved reference: CaseMode
e: file:///C:/dev/genpwd-pro/android/app/src/main/java/com/julien/genpwdpro/presentation/vault/EntryViewModel.kt:139:39 Type mismatch: inferred type is PasswordAnalysisStrength but Int was expected
e: file:///C:/dev/genpwd-pro/android/app/src/main/java/com/julien/genpwdpro/presentation/vault/VaultListScreen.kt:92:31 Too many arguments for public fun Badge(modifier: Modifier = ..., containerColor: Color = ..., contentColor: Color = ..., content: (RowScope.() -> Unit)? = ...): Unit defined in androidx.compose.material3
e: file:///C:/dev/genpwd-pro/android/app/src/main/java/com/julien/genpwdpro/presentation/vault/VaultListScreen.kt:93:33 @Composable invocations can only happen from the context of a @Composable function

> Task :app:compileDebugKotlin FAILED

FAILURE: Build failed with an exception.

* What went wrong:
Execution failed for task ':app:compileDebugKotlin'.
> A failure occurred while executing org.jetbrains.kotlin.compilerRunner.GradleCompilerRunnerWithWorkers$GradleKotlinCompilerWorkAction
   > Compilation error. See log for more details

* Try:
> Run with --stacktrace option to get the stack trace.
> Run with --info or --debug option to get more log output.
> Run with --scan to get full insights.
> Get more help at https://help.gradle.org.

Deprecated Gradle features were used in this build, making it incompatible with Gradle 9.0.

You can use '--warning-mode all' to show the individual deprecation warnings and determine if they come from your own scripts or plugins.

For more on this, please refer to https://docs.gradle.org/8.7/userguide/command_line_interface.html#sec:command_line_warnings in the Gradle documentation.

BUILD FAILED in 34s
29 actionable tasks: 3 executed, 26 up-to-date
0 ‚tait inattendu.
